[2016-06-29 20:22:27.007] [INFO] console - Wed Jun 29 2016 20:22:27 GMT+0800 (中国标准时间)doc server use http/https port 3005/3006
[2016-06-29 20:22:27.050] [INFO] console - Wed Jun 29 2016 20:22:27 GMT+0800 (中国标准时间) doc server start http server and listen on: {"address":"::","family":"IPv6","port":3005}
[2016-06-29 20:22:27.052] [INFO] console - Wed Jun 29 2016 20:22:27 GMT+0800 (中国标准时间) doc server start https server and listen on: {"address":"::","family":"IPv6","port":3006}
[2016-06-29 20:22:27.090] [INFO] console - Wed Jun 29 2016 20:22:27 GMT+0800 (中国标准时间) Connect to mongoose success: mongodb://127.0.0.1:27017/webdoc_db
[2016-06-29 20:22:31.194] [INFO] console - {"doclist":[{"DocIndex":"doc_5297657538055294","Name":"应用分析接口文档","time":1467115879644},{"DocIndex":"doc_934339374847776","Name":"文档名","time":1467115578546},{"DocIndex":"doc_4580684858076025","Name":"这是一个测试文档","time":1467115553483},{"DocIndex":"doc_6405680569675427","Name":"123123","time":1467031143937}],"retCode":0}
[2016-06-29 20:26:38.133] [INFO] console - {"doclist":[{"DocIndex":"doc_934339374847776","Name":"文档名","time":1467115578546},{"DocIndex":"doc_4580684858076025","Name":"这是一个测试文档","time":1467115553483},{"DocIndex":"doc_6405680569675427","Name":"123123","time":1467031143937},{"DocIndex":"doc_5297657538055294","Name":"应用分析接口文档","time":1467115879644}],"retCode":0}
[2016-06-29 20:26:41.232] [INFO] console - {"doclist":[{"DocIndex":"doc_5297657538055294","Name":"应用分析接口文档","time":1467115879644},{"DocIndex":"doc_934339374847776","Name":"文档名","time":1467115578546},{"DocIndex":"doc_4580684858076025","Name":"这是一个测试文档","time":1467115553483},{"DocIndex":"doc_6405680569675427","Name":"123123","time":1467031143937}],"retCode":0}
[2016-06-29 20:26:43.039] [INFO] console - /rd yuanyuekun
[2016-06-29 20:26:43.040] [INFO] console - {}
[2016-06-29 20:26:43.074] [INFO] console - undefined
[2016-06-29 20:26:43.075] [INFO] console - undefined
[2016-06-29 20:26:43.075] [INFO] console - sbg
[2016-06-29 20:26:43.075] [INFO] console - {}
[2016-06-29 20:26:43.077] [INFO] console - undefined
[2016-06-29 20:26:43.079] [INFO] console - 127.0.0.1:3005
[2016-06-29 20:29:55.658] [INFO] console - {"doclist":[{"DocIndex":"doc_5297657538055294","Name":"应用分析接口文档","time":1467115879644},{"DocIndex":"doc_934339374847776","Name":"文档名","time":1467115578546},{"DocIndex":"doc_4580684858076025","Name":"这是一个测试文档","time":1467115553483},{"DocIndex":"doc_6405680569675427","Name":"123123","time":1467031143937}],"retCode":0}
[2016-06-29 20:33:34.298] [INFO] console - {"doclist":[{"DocIndex":"doc_934339374847776","Name":"文档名","time":1467115578546},{"DocIndex":"doc_5297657538055294","Name":"应用分析接口文档","time":1467115879644},{"DocIndex":"doc_4580684858076025","Name":"这是一个测试文档","time":1467115553483},{"DocIndex":"doc_6405680569675427","Name":"123123","time":1467031143937}],"retCode":0}
[2016-06-29 20:49:06.748] [INFO] console - {"doclist":[{"DocIndex":"doc_934339374847776","Name":"文档名","time":1467115578546},{"DocIndex":"doc_5297657538055294","Name":"应用分析接口文档","time":1467115879644},{"DocIndex":"doc_6405680569675427","Name":"123123","time":1467031143937},{"DocIndex":"doc_4580684858076025","Name":"这是一个测试文档","time":1467115553483}],"retCode":0}
[2016-06-29 20:49:35.421] [INFO] console - {"doclist":[{"DocIndex":"doc_5297657538055294","Name":"应用分析接口文档","time":1467115879644},{"DocIndex":"doc_934339374847776","Name":"文档名","time":1467115578546},{"DocIndex":"doc_4580684858076025","Name":"这是一个测试文档","time":1467115553483},{"DocIndex":"doc_6405680569675427","Name":"123123","time":1467031143937}],"retCode":0}
[2016-06-29 20:49:48.880] [INFO] console - {"doclist":[{"DocIndex":"doc_5297657538055294","Name":"应用分析接口文档","time":1467115879644},{"DocIndex":"doc_4580684858076025","Name":"这是一个测试文档","time":1467115553483},{"DocIndex":"doc_934339374847776","Name":"文档名","time":1467115578546},{"DocIndex":"doc_6405680569675427","Name":"123123","time":1467031143937}],"retCode":0}
[2016-06-29 20:49:54.580] [INFO] console - {"doclist":[{"DocIndex":"doc_934339374847776","Name":"文档名","time":1467115578546},{"DocIndex":"doc_4580684858076025","Name":"这是一个测试文档","time":1467115553483},{"DocIndex":"doc_6405680569675427","Name":"123123","time":1467031143937},{"DocIndex":"doc_5297657538055294","Name":"应用分析接口文档","time":1467115879644}],"retCode":0}
[2016-06-29 20:50:11.462] [INFO] console - {"doclist":[{"DocIndex":"doc_5297657538055294","Name":"应用分析接口文档","time":1467115879644},{"DocIndex":"doc_934339374847776","Name":"文档名","time":1467115578546},{"DocIndex":"doc_4580684858076025","Name":"这是一个测试文档","time":1467115553483},{"DocIndex":"doc_6405680569675427","Name":"123123","time":1467031143937}],"retCode":0}
[2016-06-29 20:50:14.800] [INFO] console - {"doclist":[{"DocIndex":"doc_5297657538055294","Name":"应用分析接口文档","time":1467115879644},{"DocIndex":"doc_934339374847776","Name":"文档名","time":1467115578546},{"DocIndex":"doc_4580684858076025","Name":"这是一个测试文档","time":1467115553483},{"DocIndex":"doc_6405680569675427","Name":"123123","time":1467031143937}],"retCode":0}
[2016-06-29 20:51:15.300] [INFO] console - {"doclist":[{"DocIndex":"doc_934339374847776","Name":"文档名","time":1467115578546},{"DocIndex":"doc_5297657538055294","Name":"应用分析接口文档","time":1467115879644},{"DocIndex":"doc_4580684858076025","Name":"这是一个测试文档","time":1467115553483},{"DocIndex":"doc_6405680569675427","Name":"123123","time":1467031143937}],"retCode":0}
[2016-06-29 20:51:26.529] [INFO] console - {"doclist":[{"DocIndex":"doc_934339374847776","Name":"文档名","time":1467115578546},{"DocIndex":"doc_4580684858076025","Name":"这是一个测试文档","time":1467115553483},{"DocIndex":"doc_5297657538055294","Name":"应用分析接口文档","time":1467115879644},{"DocIndex":"doc_6405680569675427","Name":"123123","time":1467031143937}],"retCode":0}
[2016-06-29 20:53:11.042] [INFO] console - {"doclist":[{"DocIndex":"doc_5297657538055294","Name":"应用分析接口文档","time":1467115879644},{"DocIndex":"doc_934339374847776","Name":"文档名","time":1467115578546},{"DocIndex":"doc_4580684858076025","Name":"这是一个测试文档","time":1467115553483},{"DocIndex":"doc_6405680569675427","Name":"123123","time":1467031143937}],"retCode":0}
[2016-06-29 20:53:45.126] [INFO] console - {"doclist":[{"DocIndex":"doc_5297657538055294","Name":"应用分析接口文档","time":1467115879644},{"DocIndex":"doc_934339374847776","Name":"文档名","time":1467115578546},{"DocIndex":"doc_4580684858076025","Name":"这是一个测试文档","time":1467115553483},{"DocIndex":"doc_6405680569675427","Name":"123123","time":1467031143937}],"retCode":0}
[2016-06-29 20:55:37.981] [INFO] console - {"doclist":[{"DocIndex":"doc_5297657538055294","Name":"应用分析接口文档","time":1467115879644},{"DocIndex":"doc_934339374847776","Name":"文档名","time":1467115578546},{"DocIndex":"doc_4580684858076025","Name":"这是一个测试文档","time":1467115553483},{"DocIndex":"doc_6405680569675427","Name":"123123","time":1467031143937}],"retCode":0}
[2016-06-29 20:56:45.470] [INFO] console - {"doclist":[{"DocIndex":"doc_5297657538055294","Name":"应用分析接口文档","time":1467115879644},{"DocIndex":"doc_934339374847776","Name":"文档名","time":1467115578546},{"DocIndex":"doc_4580684858076025","Name":"这是一个测试文档","time":1467115553483},{"DocIndex":"doc_6405680569675427","Name":"123123","time":1467031143937}],"retCode":0}
[2016-06-29 20:58:34.299] [INFO] console - {"doclist":[{"DocIndex":"doc_5297657538055294","Name":"应用分析接口文档","time":1467115879644},{"DocIndex":"doc_934339374847776","Name":"文档名","time":1467115578546},{"DocIndex":"doc_4580684858076025","Name":"这是一个测试文档","time":1467115553483},{"DocIndex":"doc_6405680569675427","Name":"123123","time":1467031143937}],"retCode":0}
[2016-06-29 20:58:52.033] [INFO] console - {"doclist":[{"DocIndex":"doc_5297657538055294","Name":"应用分析接口文档","time":1467115879644},{"DocIndex":"doc_934339374847776","Name":"文档名","time":1467115578546},{"DocIndex":"doc_4580684858076025","Name":"这是一个测试文档","time":1467115553483},{"DocIndex":"doc_6405680569675427","Name":"123123","time":1467031143937}],"retCode":0}
[2016-06-29 20:59:06.578] [INFO] console - {"doclist":[{"DocIndex":"doc_5297657538055294","Name":"应用分析接口文档","time":1467115879644},{"DocIndex":"doc_934339374847776","Name":"文档名","time":1467115578546},{"DocIndex":"doc_4580684858076025","Name":"这是一个测试文档","time":1467115553483},{"DocIndex":"doc_6405680569675427","Name":"123123","time":1467031143937}],"retCode":0}
